WARNING:Cpld - Unable to retrieve the path to the iSE Project Repository. Will
   use the default filename of 'glue_logic.ise'.
WARNING:Cpld:936 - The output buffer 'ROMLOE_OBUF' is missing an input and will
   be deleted.
WARNING:Cpld:936 - The output buffer 'ROMLCE_OBUF' is missing an input and will
   be deleted.
WARNING:Cpld:936 - The output buffer 'ROMHOE_OBUF' is missing an input and will
   be deleted.
WARNING:Cpld:936 - The output buffer 'ROMHCE_OBUF' is missing an input and will
   be deleted.
WARNING:Cpld:936 - The output buffer 'RAMLOE_OBUF' is missing an input and will
   be deleted.
WARNING:Cpld:936 - The output buffer 'RAMLCE<1>_OBUF' is missing an input and
   will be deleted.
WARNING:Cpld:936 - The output buffer 'RAMLCE<0>_OBUF' is missing an input and
   will be deleted.
WARNING:Cpld:936 - The output buffer 'RAMHOE_OBUF' is missing an input and will
   be deleted.
WARNING:Cpld:936 - The output buffer 'RAMHCE<1>_OBUF' is missing an input and
   will be deleted.
WARNING:Cpld:936 - The output buffer 'RAMHCE<0>_OBUF' is missing an input and
   will be deleted.
WARNING:Cpld:936 - The output buffer 'LED<5>_OBUF' is missing an input and will
   be deleted.
WARNING:Cpld:936 - The output buffer 'LED<4>_OBUF' is missing an input and will
   be deleted.
WARNING:Cpld:936 - The output buffer 'LED<3>_OBUF' is missing an input and will
   be deleted.
WARNING:Cpld:936 - The output buffer 'LED<2>_OBUF' is missing an input and will
   be deleted.
WARNING:Cpld:936 - The output buffer 'LED<1>_OBUF' is missing an input and will
   be deleted.
WARNING:Cpld:936 - The output buffer 'LED<0>_OBUF' is missing an input and will
   be deleted.
WARNING:Cpld:936 - The output buffer 'DUARTCS_OBUF' is missing an input and will
   be deleted.
WARNING:Cpld:936 - The output buffer 'CPU_DTACK_OBUF' is missing an input and
   will be deleted.
WARNING:Cpld:936 - The output buffer 'BERR_OBUF' is missing an input and will be
   deleted.
WARNING:Cpld:1007 - Removing unused input(s) 'ABUS<0>'.  The input(s) are unused
   after optimization. Please verify functionality via simulation.
WARNING:Cpld:1007 - Removing unused input(s) 'ABUS<1>'.  The input(s) are unused
   after optimization. Please verify functionality via simulation.
WARNING:Cpld:1007 - Removing unused input(s) 'ABUS<2>'.  The input(s) are unused
   after optimization. Please verify functionality via simulation.
WARNING:Cpld:1007 - Removing unused input(s) 'ABUS<3>'.  The input(s) are unused
   after optimization. Please verify functionality via simulation.
WARNING:Cpld:1007 - Removing unused input(s) 'ABUS<4>'.  The input(s) are unused
   after optimization. Please verify functionality via simulation.
WARNING:Cpld:1007 - Removing unused input(s) 'AS'.  The input(s) are unused
   after optimization. Please verify functionality via simulation.
WARNING:Cpld:1007 - Removing unused input(s) 'CLK'.  The input(s) are unused
   after optimization. Please verify functionality via simulation.
WARNING:Cpld:1007 - Removing unused input(s) 'DUART_DTACK'.  The input(s) are
   unused after optimization. Please verify functionality via simulation.
WARNING:Cpld:1007 - Removing unused input(s) 'HALT'.  The input(s) are unused
   after optimization. Please verify functionality via simulation.
WARNING:Cpld:1007 - Removing unused input(s) 'LDS'.  The input(s) are unused
   after optimization. Please verify functionality via simulation.
WARNING:Cpld:1007 - Removing unused input(s) 'UDS'.  The input(s) are unused
   after optimization. Please verify functionality via simulation.
ERROR:Cpld:832 - 'SRESET' is assigned to an invalid location ('P21') for this
   device.  This will prevent the design from fitting on the current device.
   'SRESET' must be reassigned before attempting a re-fit.
ERROR:Cpld:868 - Cannot fit the design into any of the specified devices with
   the selected implementation options.
